0 verbose cli [
0 verbose cli   'C:\\Program Files\\nodejs\\node.exe',
0 verbose cli   'C:\\Users\\mriju\\AppData\\Roaming\\npm\\node_modules\\npm\\bin\\npm-cli.js',
0 verbose cli   'install',
0 verbose cli   'bootstrap@4.6.1'
0 verbose cli ]
1 info using npm@7.24.0
2 info using node@v14.15.4
3 timing npm:load:whichnode Completed in 1ms
4 timing config:load:defaults Completed in 2ms
5 timing config:load:file:C:\Users\mriju\AppData\Roaming\npm\node_modules\npm\npmrc Completed in 12ms
6 timing config:load:builtin Completed in 12ms
7 timing config:load:cli Completed in 2ms
8 timing config:load:env Completed in 1ms
9 timing config:load:file:C:\Users\mriju\Documents\Projects\pokedex\.npmrc Completed in 1ms
10 timing config:load:project Completed in 2ms
11 timing config:load:file:C:\Users\mriju\.npmrc Completed in 1ms
12 timing config:load:user Completed in 1ms
13 timing config:load:file:C:\Users\mriju\AppData\Roaming\npm\etc\npmrc Completed in 0ms
14 timing config:load:global Completed in 1ms
15 timing config:load:validate Completed in 1ms
16 timing config:load:credentials Completed in 2ms
17 timing config:load:setEnvs Completed in 2ms
18 timing config:load Completed in 27ms
19 timing npm:load:configload Completed in 27ms
20 timing npm:load:setTitle Completed in 1ms
21 timing npm:load:setupLog Completed in 1ms
22 timing config:load:flatten Completed in 8ms
23 timing npm:load:cleanupLog Completed in 6ms
24 timing npm:load:configScope Completed in 0ms
25 timing npm:load:projectScope Completed in 2ms
26 timing npm:load Completed in 49ms
27 timing arborist:ctor Completed in 3ms
28 timing idealTree:init Completed in 1607ms
29 timing idealTree:userRequests Completed in 7ms
30 silly idealTree buildDeps
31 silly fetch manifest bootstrap@4.6.1
32 timing arborist:ctor Completed in 0ms
33 http fetch GET 200 https://registry.npmjs.org/bootstrap 1793ms (cache revalidated)
34 silly placeDep ROOT bootstrap@ OK for: pokedex@0.1.0 want: 4.6.1
35 timing idealTree:#root Completed in 1815ms
36 timing idealTree:node_modules/bootstrap Completed in 0ms
37 timing idealTree:buildDeps Completed in 1818ms
38 timing idealTree:fixDepFlags Completed in 48ms
39 timing idealTree Completed in 3482ms
40 timing command:install Completed in 3499ms
41 verbose type version
42 verbose stack bootstrap: No matching version found for bootstrap@4.6.1.
42 verbose stack     at module.exports (C:\Users\mriju\AppData\Roaming\npm\node_modules\npm\node_modules\npm-pick-manifest\index.js:209:23)
42 verbose stack     at C:\Users\mriju\AppData\Roaming\npm\node_modules\npm\node_modules\pacote\lib\registry.js:118:26
42 verbose stack     at async Arborist.[nodeFromEdge] (C:\Users\mriju\AppData\Roaming\npm\node_modules\npm\node_modules\@npmcli\arborist\lib\arborist\build-ideal-tree.js:1032:19)
42 verbose stack     at async Arborist.[buildDepStep] (C:\Users\mriju\AppData\Roaming\npm\node_modules\npm\node_modules\@npmcli\arborist\lib\arborist\build-ideal-tree.js:906:11)
42 verbose stack     at async Arborist.buildIdealTree (C:\Users\mriju\AppData\Roaming\npm\node_modules\npm\node_modules\@npmcli\arborist\lib\arborist\build-ideal-tree.js:210:7)
42 verbose stack     at async Promise.all (index 1)
42 verbose stack     at async Arborist.reify (C:\Users\mriju\AppData\Roaming\npm\node_modules\npm\node_modules\@npmcli\arborist\lib\arborist\reify.js:147:5)
42 verbose stack     at async Install.install (C:\Users\mriju\AppData\Roaming\npm\node_modules\npm\lib\install.js:170:5)
43 verbose cwd C:\Users\mriju\Documents\Projects\pokedex
44 verbose Windows_NT 10.0.19042
45 verbose argv "C:\\Program Files\\nodejs\\node.exe" "C:\\Users\\mriju\\AppData\\Roaming\\npm\\node_modules\\npm\\bin\\npm-cli.js" "install" "bootstrap@4.6.1"
46 verbose node v14.15.4
47 verbose npm  v7.24.0
48 error code ETARGET
49 error notarget No matching version found for bootstrap@4.6.1.
50 error notarget In most cases you or one of your dependencies are requesting
50 error notarget a package version that doesn't exist.
51 verbose exit 1
